<?xml version="1.0" encoding="UTF-8"?>
<testng-results ignored="0" total="1" passed="1" failed="0" skipped="0">
  <reporter-output>
  </reporter-output>
  <suite started-at="2022-04-02T04:49:52Z" name="Default suite" finished-at="2022-04-02T04:49:57Z" duration-ms="5663">
    <groups>
    </groups>
    <test started-at="2022-04-02T04:49:52Z" name="Default test" finished-at="2022-04-02T04:49:57Z" duration-ms="5663">
      <class name="test.TestSel">
        <test-method signature="Selenium_test01()[pri:0, instance:test.TestSel@5afa3c9]" started-at="2022-04-01T23:49:52Z" name="Selenium_test01" finished-at="2022-04-01T23:49:57Z" duration-ms="5641" status="PASS">
          <reporter-output>
          </reporter-output>
        </test-method> <!-- Selenium_test01 -->
      </class> <!-- test.TestSel -->
    </test> <!-- Default test -->
  </suite> <!-- Default suite -->
</testng-results>
